[2018-12-25 00:07:50,999] {/app/calibre-web/cps/web.py:163} INFO - Starting Calibre Web...
[2018-12-25 00:07:52,375] {/app/calibre-web/cps/server.py:63} INFO - Starting Gevent server
[2018-12-25 01:19:12,934] {/app/calibre-web/cps/helper.py:427} ERROR - File not found: /config/John Schember/Quick Start Guide (1)/Quick Start Guide - John Schember.epub
[2018-12-25 01:41:15,108] {/app/calibre-web/cps/book_formats.py:62} WARNING - cannot parse metadata, using default: unable to read image data `/tmp/magick-205HLIsyjILCacj1' @ error/pnm.c/ReadPNMImage/1346
[2018-12-25 01:43:31,537] {/app/calibre-web/cps/web.py:2111} INFO - 30 Projetos com Arduino - Simon Monk
[2018-12-25 01:43:31,799] {/app/calibre-web/cps/web.py:2111} INFO - 30 Projetos com Arduino - Simon Monk
[2018-12-25 01:43:31,838] {/app/calibre-web/cps/web.py:2111} INFO - 30 Projetos com Arduino - Simon Monk
[2018-12-25 01:43:31,997] {/app/calibre-web/cps/web.py:2111} INFO - 30 Projetos com Arduino - Simon Monk
[2018-12-25 01:43:32,063] {/app/calibre-web/cps/web.py:2111} INFO - 30 Projetos com Arduino - Simon Monk
[2018-12-25 01:43:32,104] {/app/calibre-web/cps/web.py:2111} INFO - 30 Projetos com Arduino - Simon Monk
[2018-12-25 01:43:32,308] {/app/calibre-web/cps/web.py:2111} INFO - 30 Projetos com Arduino - Simon Monk
[2018-12-25 01:43:32,345] {/app/calibre-web/cps/web.py:2111} INFO - 30 Projetos com Arduino - Simon Monk
[2018-12-25 01:43:32,421] {/app/calibre-web/cps/web.py:2111} INFO - 30 Projetos com Arduino - Simon Monk
[2018-12-25 01:43:32,563] {/app/calibre-web/cps/web.py:2111} INFO - 30 Projetos com Arduino - Simon Monk
[2018-12-25 01:43:32,611] {/app/calibre-web/cps/web.py:2111} INFO - 30 Projetos com Arduino - Simon Monk
[2018-12-25 01:43:32,656] {/app/calibre-web/cps/web.py:2111} INFO - 30 Projetos com Arduino - Simon Monk
[2018-12-25 01:43:32,684] {/app/calibre-web/cps/web.py:2111} INFO - 30 Projetos com Arduino - Simon Monk
[2018-12-25 01:43:32,707] {/app/calibre-web/cps/web.py:2111} INFO - 30 Projetos com Arduino - Simon Monk
[2018-12-25 01:43:32,732] {/app/calibre-web/cps/web.py:2111} INFO - 30 Projetos com Arduino - Simon Monk
[2018-12-25 01:43:32,757] {/app/calibre-web/cps/web.py:2111} INFO - 30 Projetos com Arduino - Simon Monk
[2018-12-25 01:43:32,781] {/app/calibre-web/cps/web.py:2111} INFO - 30 Projetos com Arduino - Simon Monk
[2018-12-25 01:43:32,835] {/app/calibre-web/cps/web.py:2111} INFO - 30 Projetos com Arduino - Simon Monk
[2018-12-25 01:43:32,860] {/app/calibre-web/cps/web.py:2111} INFO - 30 Projetos com Arduino - Simon Monk
[2018-12-25 01:43:32,894] {/app/calibre-web/cps/web.py:2111} INFO - 30 Projetos com Arduino - Simon Monk
[2018-12-25 01:43:32,934] {/app/calibre-web/cps/web.py:2111} INFO - 30 Projetos com Arduino - Simon Monk
[2018-12-25 01:43:32,962] {/app/calibre-web/cps/web.py:2111} INFO - 30 Projetos com Arduino - Simon Monk
[2018-12-25 01:43:32,991] {/app/calibre-web/cps/web.py:2111} INFO - 30 Projetos com Arduino - Simon Monk
[2018-12-25 01:43:33,027] {/app/calibre-web/cps/web.py:2111} INFO - 30 Projetos com Arduino - Simon Monk
[2018-12-25 01:43:33,058] {/app/calibre-web/cps/web.py:2111} INFO - 30 Projetos com Arduino - Simon Monk
[2018-12-25 01:43:33,088] {/app/calibre-web/cps/web.py:2111} INFO - 30 Projetos com Arduino - Simon Monk
[2018-12-25 01:43:33,118] {/app/calibre-web/cps/web.py:2111} INFO - 30 Projetos com Arduino - Simon Monk
[2018-12-25 01:43:33,145] {/app/calibre-web/cps/web.py:2111} INFO - 30 Projetos com Arduino - Simon Monk
[2018-12-25 01:43:33,175] {/app/calibre-web/cps/web.py:2111} INFO - 30 Projetos com Arduino - Simon Monk
[2018-12-25 01:43:33,208] {/app/calibre-web/cps/web.py:2111} INFO - 30 Projetos com Arduino - Simon Monk
[2018-12-25 01:43:33,240] {/app/calibre-web/cps/web.py:2111} INFO - 30 Projetos com Arduino - Simon Monk
[2018-12-25 01:43:33,269] {/app/calibre-web/cps/web.py:2111} INFO - 30 Projetos com Arduino - Simon Monk
[2018-12-25 01:43:33,303] {/app/calibre-web/cps/web.py:2111} INFO - 30 Projetos com Arduino - Simon Monk
[2018-12-25 01:43:33,331] {/app/calibre-web/cps/web.py:2111} INFO - 30 Projetos com Arduino - Simon Monk
[2018-12-25 01:43:33,363] {/app/calibre-web/cps/web.py:2111} INFO - 30 Projetos com Arduino - Simon Monk
[2018-12-25 01:43:33,391] {/app/calibre-web/cps/web.py:2111} INFO - 30 Projetos com Arduino - Simon Monk
[2018-12-25 01:43:33,422] {/app/calibre-web/cps/web.py:2111} INFO - 30 Projetos com Arduino - Simon Monk
[2018-12-25 01:43:33,461] {/app/calibre-web/cps/web.py:2111} INFO - 30 Projetos com Arduino - Simon Monk
[2018-12-25 01:43:33,493] {/app/calibre-web/cps/web.py:2111} INFO - 30 Projetos com Arduino - Simon Monk
[2018-12-25 01:43:33,525] {/app/calibre-web/cps/web.py:2111} INFO - 30 Projetos com Arduino - Simon Monk
[2018-12-25 01:43:33,564] {/app/calibre-web/cps/web.py:2111} INFO - 30 Projetos com Arduino - Simon Monk
[2018-12-25 01:43:33,596] {/app/calibre-web/cps/web.py:2111} INFO - 30 Projetos com Arduino - Simon Monk
[2018-12-25 01:43:33,631] {/app/calibre-web/cps/web.py:2111} INFO - 30 Projetos com Arduino - Simon Monk
[2018-12-25 01:43:33,662] {/app/calibre-web/cps/web.py:2111} INFO - 30 Projetos com Arduino - Simon Monk
[2018-12-25 01:43:33,697] {/app/calibre-web/cps/web.py:2111} INFO - 30 Projetos com Arduino - Simon Monk
[2018-12-25 01:43:33,746] {/app/calibre-web/cps/web.py:2111} INFO - 30 Projetos com Arduino - Simon Monk
[2018-12-25 01:43:33,783] {/app/calibre-web/cps/web.py:2111} INFO - 30 Projetos com Arduino - Simon Monk
[2018-12-25 01:43:33,829] {/app/calibre-web/cps/web.py:2111} INFO - 30 Projetos com Arduino - Simon Monk
[2018-12-25 01:43:33,869] {/app/calibre-web/cps/web.py:2111} INFO - 30 Projetos com Arduino - Simon Monk
[2018-12-25 01:43:33,900] {/app/calibre-web/cps/web.py:2111} INFO - 30 Projetos com Arduino - Simon Monk
[2018-12-25 01:43:33,941] {/app/calibre-web/cps/web.py:2111} INFO - 30 Projetos com Arduino - Simon Monk
[2018-12-25 01:43:33,978] {/app/calibre-web/cps/web.py:2111} INFO - 30 Projetos com Arduino - Simon Monk
[2018-12-25 01:43:34,012] {/app/calibre-web/cps/web.py:2111} INFO - 30 Projetos com Arduino - Simon Monk
[2018-12-25 01:43:34,049] {/app/calibre-web/cps/web.py:2111} INFO - 30 Projetos com Arduino - Simon Monk
[2018-12-25 01:43:34,082] {/app/calibre-web/cps/web.py:2111} INFO - 30 Projetos com Arduino - Simon Monk
[2018-12-25 01:43:34,118] {/app/calibre-web/cps/web.py:2111} INFO - 30 Projetos com Arduino - Simon Monk
[2018-12-25 01:43:34,151] {/app/calibre-web/cps/web.py:2111} INFO - 30 Projetos com Arduino - Simon Monk
[2018-12-25 01:43:34,179] {/app/calibre-web/cps/web.py:2111} INFO - 30 Projetos com Arduino - Simon Monk
[2018-12-25 01:43:34,208] {/app/calibre-web/cps/web.py:2111} INFO - 30 Projetos com Arduino - Simon Monk
[2018-12-25 01:43:34,246] {/app/calibre-web/cps/web.py:2111} INFO - 30 Projetos com Arduino - Simon Monk
[2018-12-25 01:43:34,282] {/app/calibre-web/cps/web.py:2111} INFO - 30 Projetos com Arduino - Simon Monk
[2018-12-25 01:43:34,322] {/app/calibre-web/cps/web.py:2111} INFO - 30 Projetos com Arduino - Simon Monk
[2018-12-25 01:43:34,366] {/app/calibre-web/cps/web.py:2111} INFO - 30 Projetos com Arduino - Simon Monk
[2018-12-25 01:43:34,491] {/app/calibre-web/cps/web.py:2111} INFO - 30 Projetos com Arduino - Simon Monk
[2018-12-25 01:43:34,538] {/app/calibre-web/cps/web.py:2111} INFO - 30 Projetos com Arduino - Simon Monk
[2018-12-25 01:43:34,586] {/app/calibre-web/cps/web.py:2111} INFO - 30 Projetos com Arduino - Simon Monk
[2018-12-25 01:43:34,627] {/app/calibre-web/cps/web.py:2111} INFO - 30 Projetos com Arduino - Simon Monk
[2018-12-25 01:43:34,671] {/app/calibre-web/cps/web.py:2111} INFO - 30 Projetos com Arduino - Simon Monk
[2018-12-25 01:43:34,706] {/app/calibre-web/cps/web.py:2111} INFO - 30 Projetos com Arduino - Simon Monk
[2018-12-25 01:43:34,740] {/app/calibre-web/cps/web.py:2111} INFO - 30 Projetos com Arduino - Simon Monk
[2018-12-25 01:43:34,776] {/app/calibre-web/cps/web.py:2111} INFO - 30 Projetos com Arduino - Simon Monk
[2018-12-25 01:43:34,817] {/app/calibre-web/cps/web.py:2111} INFO - 30 Projetos com Arduino - Simon Monk
[2018-12-25 01:43:34,851] {/app/calibre-web/cps/web.py:2111} INFO - 30 Projetos com Arduino - Simon Monk
[2018-12-25 01:43:34,888] {/app/calibre-web/cps/web.py:2111} INFO - 30 Projetos com Arduino - Simon Monk
[2018-12-25 01:43:34,934] {/app/calibre-web/cps/web.py:2111} INFO - 30 Projetos com Arduino - Simon Monk
[2018-12-25 01:43:34,977] {/app/calibre-web/cps/web.py:2111} INFO - 30 Projetos com Arduino - Simon Monk
[2018-12-25 01:43:35,019] {/app/calibre-web/cps/web.py:2111} INFO - 30 Projetos com Arduino - Simon Monk
[2018-12-25 01:43:35,077] {/app/calibre-web/cps/web.py:2111} INFO - 30 Projetos com Arduino - Simon Monk
[2018-12-25 01:43:35,156] {/app/calibre-web/cps/web.py:2111} INFO - 30 Projetos com Arduino - Simon Monk
[2018-12-25 01:43:35,217] {/app/calibre-web/cps/web.py:2111} INFO - 30 Projetos com Arduino - Simon Monk
[2018-12-25 01:43:35,264] {/app/calibre-web/cps/web.py:2111} INFO - 30 Projetos com Arduino - Simon Monk
[2018-12-25 01:43:35,310] {/app/calibre-web/cps/web.py:2111} INFO - 30 Projetos com Arduino - Simon Monk
[2018-12-25 01:43:35,357] {/app/calibre-web/cps/web.py:2111} INFO - 30 Projetos com Arduino - Simon Monk
[2018-12-25 01:43:35,386] {/app/calibre-web/cps/web.py:2111} INFO - 30 Projetos com Arduino - Simon Monk
[2018-12-25 01:43:35,425] {/app/calibre-web/cps/web.py:2111} INFO - 30 Projetos com Arduino - Simon Monk
[2018-12-25 01:43:35,465] {/app/calibre-web/cps/web.py:2111} INFO - 30 Projetos com Arduino - Simon Monk
[2018-12-25 01:43:35,495] {/app/calibre-web/cps/web.py:2111} INFO - 30 Projetos com Arduino - Simon Monk
[2018-12-25 01:43:35,524] {/app/calibre-web/cps/web.py:2111} INFO - 30 Projetos com Arduino - Simon Monk
[2018-12-25 01:43:35,564] {/app/calibre-web/cps/web.py:2111} INFO - 30 Projetos com Arduino - Simon Monk
[2018-12-25 01:43:35,596] {/app/calibre-web/cps/web.py:2111} INFO - 30 Projetos com Arduino - Simon Monk
[2018-12-25 01:43:35,634] {/app/calibre-web/cps/web.py:2111} INFO - 30 Projetos com Arduino - Simon Monk
[2018-12-25 01:43:35,671] {/app/calibre-web/cps/web.py:2111} INFO - 30 Projetos com Arduino - Simon Monk
[2018-12-25 01:43:35,710] {/app/calibre-web/cps/web.py:2111} INFO - 30 Projetos com Arduino - Simon Monk
[2018-12-25 01:43:35,741] {/app/calibre-web/cps/web.py:2111} INFO - 30 Projetos com Arduino - Simon Monk
[2018-12-25 01:43:35,765] {/app/calibre-web/cps/web.py:2111} INFO - 30 Projetos com Arduino - Simon Monk
[2018-12-25 01:43:35,791] {/app/calibre-web/cps/web.py:2111} INFO - 30 Projetos com Arduino - Simon Monk
[2018-12-25 01:43:35,819] {/app/calibre-web/cps/web.py:2111} INFO - 30 Projetos com Arduino - Simon Monk
[2018-12-25 01:43:35,841] {/app/calibre-web/cps/web.py:2111} INFO - 30 Projetos com Arduino - Simon Monk
[2018-12-25 01:43:35,867] {/app/calibre-web/cps/web.py:2111} INFO - 30 Projetos com Arduino - Simon Monk
[2018-12-25 01:43:35,890] {/app/calibre-web/cps/web.py:2111} INFO - 30 Projetos com Arduino - Simon Monk
[2018-12-25 01:43:35,912] {/app/calibre-web/cps/web.py:2111} INFO - 30 Projetos com Arduino - Simon Monk
[2018-12-25 01:43:35,939] {/app/calibre-web/cps/web.py:2111} INFO - 30 Projetos com Arduino - Simon Monk
[2018-12-25 01:43:35,964] {/app/calibre-web/cps/web.py:2111} INFO - 30 Projetos com Arduino - Simon Monk
[2018-12-25 01:43:35,995] {/app/calibre-web/cps/web.py:2111} INFO - 30 Projetos com Arduino - Simon Monk
[2018-12-25 01:43:36,026] {/app/calibre-web/cps/web.py:2111} INFO - 30 Projetos com Arduino - Simon Monk
[2018-12-25 01:43:36,059] {/app/calibre-web/cps/web.py:2111} INFO - 30 Projetos com Arduino - Simon Monk
[2018-12-25 01:43:36,099] {/app/calibre-web/cps/web.py:2111} INFO - 30 Projetos com Arduino - Simon Monk
[2018-12-25 01:43:36,147] {/app/calibre-web/cps/web.py:2111} INFO - 30 Projetos com Arduino - Simon Monk
[2018-12-25 01:43:36,198] {/app/calibre-web/cps/web.py:2111} INFO - 30 Projetos com Arduino - Simon Monk
[2018-12-25 01:43:36,248] {/app/calibre-web/cps/web.py:2111} INFO - 30 Projetos com Arduino - Simon Monk
[2018-12-25 01:43:36,288] {/app/calibre-web/cps/web.py:2111} INFO - 30 Projetos com Arduino - Simon Monk
[2018-12-25 01:43:36,321] {/app/calibre-web/cps/web.py:2111} INFO - 30 Projetos com Arduino - Simon Monk
[2018-12-25 01:43:36,356] {/app/calibre-web/cps/web.py:2111} INFO - 30 Projetos com Arduino - Simon Monk
[2018-12-25 01:43:36,391] {/app/calibre-web/cps/web.py:2111} INFO - 30 Projetos com Arduino - Simon Monk
[2018-12-25 01:43:36,426] {/app/calibre-web/cps/web.py:2111} INFO - 30 Projetos com Arduino - Simon Monk
[2018-12-25 01:43:36,465] {/app/calibre-web/cps/web.py:2111} INFO - 30 Projetos com Arduino - Simon Monk
[2018-12-25 01:43:36,489] {/app/calibre-web/cps/web.py:2111} INFO - 30 Projetos com Arduino - Simon Monk
[2018-12-25 01:43:36,518] {/app/calibre-web/cps/web.py:2111} INFO - 30 Projetos com Arduino - Simon Monk
[2018-12-25 01:43:36,544] {/app/calibre-web/cps/web.py:2111} INFO - 30 Projetos com Arduino - Simon Monk
[2018-12-25 01:43:36,575] {/app/calibre-web/cps/web.py:2111} INFO - 30 Projetos com Arduino - Simon Monk
[2018-12-25 01:43:36,601] {/app/calibre-web/cps/web.py:2111} INFO - 30 Projetos com Arduino - Simon Monk
[2018-12-25 01:43:36,628] {/app/calibre-web/cps/web.py:2111} INFO - 30 Projetos com Arduino - Simon Monk
[2018-12-25 01:43:36,656] {/app/calibre-web/cps/web.py:2111} INFO - 30 Projetos com Arduino - Simon Monk
[2018-12-25 01:43:36,691] {/app/calibre-web/cps/web.py:2111} INFO - 30 Projetos com Arduino - Simon Monk
[2018-12-25 01:43:36,717] {/app/calibre-web/cps/web.py:2111} INFO - 30 Projetos com Arduino - Simon Monk
[2018-12-25 01:43:36,748] {/app/calibre-web/cps/web.py:2111} INFO - 30 Projetos com Arduino - Simon Monk
[2018-12-25 01:43:36,785] {/app/calibre-web/cps/web.py:2111} INFO - 30 Projetos com Arduino - Simon Monk
[2018-12-25 01:43:36,809] {/app/calibre-web/cps/web.py:2111} INFO - 30 Projetos com Arduino - Simon Monk
[2018-12-25 01:43:36,837] {/app/calibre-web/cps/web.py:2111} INFO - 30 Projetos com Arduino - Simon Monk
[2018-12-25 01:43:36,861] {/app/calibre-web/cps/web.py:2111} INFO - 30 Projetos com Arduino - Simon Monk
[2018-12-25 01:43:36,888] {/app/calibre-web/cps/web.py:2111} INFO - 30 Projetos com Arduino - Simon Monk
[2018-12-25 01:43:36,923] {/app/calibre-web/cps/web.py:2111} INFO - 30 Projetos com Arduino - Simon Monk
[2018-12-25 01:43:36,946] {/app/calibre-web/cps/web.py:2111} INFO - 30 Projetos com Arduino - Simon Monk
[2018-12-25 01:43:36,972] {/app/calibre-web/cps/web.py:2111} INFO - 30 Projetos com Arduino - Simon Monk
[2018-12-25 01:43:36,998] {/app/calibre-web/cps/web.py:2111} INFO - 30 Projetos com Arduino - Simon Monk
[2018-12-25 01:43:37,026] {/app/calibre-web/cps/web.py:2111} INFO - 30 Projetos com Arduino - Simon Monk
[2018-12-25 01:43:37,050] {/app/calibre-web/cps/web.py:2111} INFO - 30 Projetos com Arduino - Simon Monk
[2018-12-25 01:43:37,076] {/app/calibre-web/cps/web.py:2111} INFO - 30 Projetos com Arduino - Simon Monk
[2018-12-25 01:43:37,100] {/app/calibre-web/cps/web.py:2111} INFO - 30 Projetos com Arduino - Simon Monk
[2018-12-25 01:43:37,128] {/app/calibre-web/cps/web.py:2111} INFO - 30 Projetos com Arduino - Simon Monk
[2018-12-25 01:43:37,151] {/app/calibre-web/cps/web.py:2111} INFO - 30 Projetos com Arduino - Simon Monk
[2018-12-25 01:43:37,173] {/app/calibre-web/cps/web.py:2111} INFO - 30 Projetos com Arduino - Simon Monk
[2018-12-25 01:43:37,197] {/app/calibre-web/cps/web.py:2111} INFO - 30 Projetos com Arduino - Simon Monk
[2018-12-25 01:43:37,221] {/app/calibre-web/cps/web.py:2111} INFO - 30 Projetos com Arduino - Simon Monk
[2018-12-25 01:43:37,248] {/app/calibre-web/cps/web.py:2111} INFO - 30 Projetos com Arduino - Simon Monk
[2018-12-25 01:43:37,291] {/app/calibre-web/cps/web.py:2111} INFO - 30 Projetos com Arduino - Simon Monk
[2018-12-25 01:43:37,331] {/app/calibre-web/cps/web.py:2111} INFO - 30 Projetos com Arduino - Simon Monk
[2018-12-25 01:43:37,362] {/app/calibre-web/cps/web.py:2111} INFO - 30 Projetos com Arduino - Simon Monk
[2018-12-25 01:43:37,393] {/app/calibre-web/cps/web.py:2111} INFO - 30 Projetos com Arduino - Simon Monk
[2018-12-25 01:43:37,426] {/app/calibre-web/cps/web.py:2111} INFO - 30 Projetos com Arduino - Simon Monk
[2018-12-25 01:43:37,482] {/app/calibre-web/cps/web.py:2111} INFO - 30 Projetos com Arduino - Simon Monk
[2018-12-25 01:43:37,511] {/app/calibre-web/cps/web.py:2111} INFO - 30 Projetos com Arduino - Simon Monk
[2018-12-25 01:43:37,540] {/app/calibre-web/cps/web.py:2111} INFO - 30 Projetos com Arduino - Simon Monk
[2018-12-25 01:43:37,577] {/app/calibre-web/cps/web.py:2111} INFO - 30 Projetos com Arduino - Simon Monk
[2018-12-25 01:43:37,604] {/app/calibre-web/cps/web.py:2111} INFO - 30 Projetos com Arduino - Simon Monk
[2018-12-25 01:43:37,638] {/app/calibre-web/cps/web.py:2111} INFO - 30 Projetos com Arduino - Simon Monk
[2018-12-25 01:43:37,667] {/app/calibre-web/cps/web.py:2111} INFO - 30 Projetos com Arduino - Simon Monk
[2018-12-25 01:43:37,698] {/app/calibre-web/cps/web.py:2111} INFO - 30 Projetos com Arduino - Simon Monk
[2018-12-25 01:43:37,729] {/app/calibre-web/cps/web.py:2111} INFO - 30 Projetos com Arduino - Simon Monk
[2018-12-25 01:43:37,763] {/app/calibre-web/cps/web.py:2111} INFO - 30 Projetos com Arduino - Simon Monk
[2018-12-25 01:43:37,801] {/app/calibre-web/cps/web.py:2111} INFO - 30 Projetos com Arduino - Simon Monk
[2018-12-25 01:43:37,826] {/app/calibre-web/cps/web.py:2111} INFO - 30 Projetos com Arduino - Simon Monk
[2018-12-25 01:43:37,854] {/app/calibre-web/cps/web.py:2111} INFO - 30 Projetos com Arduino - Simon Monk
[2018-12-25 01:43:37,879] {/app/calibre-web/cps/web.py:2111} INFO - 30 Projetos com Arduino - Simon Monk
[2018-12-25 01:43:37,903] {/app/calibre-web/cps/web.py:2111} INFO - 30 Projetos com Arduino - Simon Monk
[2018-12-25 01:43:37,930] {/app/calibre-web/cps/web.py:2111} INFO - 30 Projetos com Arduino - Simon Monk
[2018-12-25 01:43:37,957] {/app/calibre-web/cps/web.py:2111} INFO - 30 Projetos com Arduino - Simon Monk
[2018-12-25 01:43:37,986] {/app/calibre-web/cps/web.py:2111} INFO - 30 Projetos com Arduino - Simon Monk
[2018-12-25 01:43:38,013] {/app/calibre-web/cps/web.py:2111} INFO - 30 Projetos com Arduino - Simon Monk
[2018-12-25 01:43:38,037] {/app/calibre-web/cps/web.py:2111} INFO - 30 Projetos com Arduino - Simon Monk
[2018-12-25 01:43:38,061] {/app/calibre-web/cps/web.py:2111} INFO - 30 Projetos com Arduino - Simon Monk
[2018-12-25 01:43:38,095] {/app/calibre-web/cps/web.py:2111} INFO - 30 Projetos com Arduino - Simon Monk
[2018-12-25 01:43:38,133] {/app/calibre-web/cps/web.py:2111} INFO - 30 Projetos com Arduino - Simon Monk
[2018-12-25 01:43:38,160] {/app/calibre-web/cps/web.py:2111} INFO - 30 Projetos com Arduino - Simon Monk
[2018-12-25 01:43:38,191] {/app/calibre-web/cps/web.py:2111} INFO - 30 Projetos com Arduino - Simon Monk
[2018-12-25 01:43:38,227] {/app/calibre-web/cps/web.py:2111} INFO - 30 Projetos com Arduino - Simon Monk
[2018-12-25 01:43:38,250] {/app/calibre-web/cps/web.py:2111} INFO - 30 Projetos com Arduino - Simon Monk
[2018-12-25 01:43:38,281] {/app/calibre-web/cps/web.py:2111} INFO - 30 Projetos com Arduino - Simon Monk
[2018-12-25 01:43:38,313] {/app/calibre-web/cps/web.py:2111} INFO - 30 Projetos com Arduino - Simon Monk
[2018-12-25 01:43:38,340] {/app/calibre-web/cps/web.py:2111} INFO - 30 Projetos com Arduino - Simon Monk
[2018-12-25 01:43:38,363] {/app/calibre-web/cps/web.py:2111} INFO - 30 Projetos com Arduino - Simon Monk
[2018-12-25 01:43:38,386] {/app/calibre-web/cps/web.py:2111} INFO - 30 Projetos com Arduino - Simon Monk
[2018-12-25 01:43:38,409] {/app/calibre-web/cps/web.py:2111} INFO - 30 Projetos com Arduino - Simon Monk
[2018-12-25 01:43:38,438] {/app/calibre-web/cps/web.py:2111} INFO - 30 Projetos com Arduino - Simon Monk
[2018-12-25 01:43:38,471] {/app/calibre-web/cps/web.py:2111} INFO - 30 Projetos com Arduino - Simon Monk
[2018-12-25 01:43:38,520] {/app/calibre-web/cps/web.py:2111} INFO - 30 Projetos com Arduino - Simon Monk
[2018-12-25 01:43:38,571] {/app/calibre-web/cps/web.py:2111} INFO - 30 Projetos com Arduino - Simon Monk
[2018-12-25 01:43:38,620] {/app/calibre-web/cps/web.py:2111} INFO - 30 Projetos com Arduino - Simon Monk
[2018-12-25 01:43:38,656] {/app/calibre-web/cps/web.py:2111} INFO - 30 Projetos com Arduino - Simon Monk
[2018-12-25 01:43:38,700] {/app/calibre-web/cps/web.py:2111} INFO - 30 Projetos com Arduino - Simon Monk
[2018-12-25 01:43:38,740] {/app/calibre-web/cps/web.py:2111} INFO - 30 Projetos com Arduino - Simon Monk
[2018-12-25 01:43:38,767] {/app/calibre-web/cps/web.py:2111} INFO - 30 Projetos com Arduino - Simon Monk
[2018-12-25 01:43:38,792] {/app/calibre-web/cps/web.py:2111} INFO - 30 Projetos com Arduino - Simon Monk
[2018-12-25 01:43:38,935] {/app/calibre-web/cps/web.py:2111} INFO - 30 Projetos com Arduino - Simon Monk
[2018-12-25 01:43:39,031] {/app/calibre-web/cps/web.py:2111} INFO - 30 Projetos com Arduino - Simon Monk
[2018-12-25 01:43:39,062] {/app/calibre-web/cps/web.py:2111} INFO - 30 Projetos com Arduino - Simon Monk
[2018-12-25 01:43:39,083] {/app/calibre-web/cps/web.py:2111} INFO - 30 Projetos com Arduino - Simon Monk
[2018-12-25 01:43:39,113] {/app/calibre-web/cps/web.py:2111} INFO - 30 Projetos com Arduino - Simon Monk
[2018-12-25 01:43:39,147] {/app/calibre-web/cps/web.py:2111} INFO - 30 Projetos com Arduino - Simon Monk
[2018-12-25 01:43:39,176] {/app/calibre-web/cps/web.py:2111} INFO - 30 Projetos com Arduino - Simon Monk
[2018-12-25 01:43:39,197] {/app/calibre-web/cps/web.py:2111} INFO - 30 Projetos com Arduino - Simon Monk
[2018-12-25 01:43:39,229] {/app/calibre-web/cps/web.py:2111} INFO - 30 Projetos com Arduino - Simon Monk
[2018-12-25 01:43:39,264] {/app/calibre-web/cps/web.py:2111} INFO - 30 Projetos com Arduino - Simon Monk
[2018-12-25 01:43:39,309] {/app/calibre-web/cps/web.py:2111} INFO - 30 Projetos com Arduino - Simon Monk
[2018-12-25 01:43:39,340] {/app/calibre-web/cps/web.py:2111} INFO - 30 Projetos com Arduino - Simon Monk
[2018-12-25 01:43:39,368] {/app/calibre-web/cps/web.py:2111} INFO - 30 Projetos com Arduino - Simon Monk
[2018-12-25 01:43:39,396] {/app/calibre-web/cps/web.py:2111} INFO - 30 Projetos com Arduino - Simon Monk
[2018-12-25 01:43:39,431] {/app/calibre-web/cps/web.py:2111} INFO - 30 Projetos com Arduino - Simon Monk
[2018-12-25 01:43:39,461] {/app/calibre-web/cps/web.py:2111} INFO - 30 Projetos com Arduino - Simon Monk
[2018-12-25 01:43:39,481] {/app/calibre-web/cps/web.py:2111} INFO - 30 Projetos com Arduino - Simon Monk
[2018-12-25 01:43:39,521] {/app/calibre-web/cps/web.py:2111} INFO - 30 Projetos com Arduino - Simon Monk
[2018-12-25 01:43:39,546] {/app/calibre-web/cps/web.py:2111} INFO - 30 Projetos com Arduino - Simon Monk
[2018-12-25 01:43:39,578] {/app/calibre-web/cps/web.py:2111} INFO - 30 Projetos com Arduino - Simon Monk
[2018-12-25 01:43:39,616] {/app/calibre-web/cps/web.py:2111} INFO - 30 Projetos com Arduino - Simon Monk
[2018-12-25 01:43:39,663] {/app/calibre-web/cps/web.py:2111} INFO - 30 Projetos com Arduino - Simon Monk
[2018-12-25 01:43:39,713] {/app/calibre-web/cps/web.py:2111} INFO - 30 Projetos com Arduino - Simon Monk
[2018-12-25 01:43:39,779] {/app/calibre-web/cps/web.py:2111} INFO - 30 Projetos com Arduino - Simon Monk
[2018-12-25 01:43:39,827] {/app/calibre-web/cps/web.py:2111} INFO - 30 Projetos com Arduino - Simon Monk
[2018-12-25 01:43:39,868] {/app/calibre-web/cps/web.py:2111} INFO - 30 Projetos com Arduino - Simon Monk
[2018-12-25 01:43:39,902] {/app/calibre-web/cps/web.py:2111} INFO - 30 Projetos com Arduino - Simon Monk
[2018-12-25 01:43:39,936] {/app/calibre-web/cps/web.py:2111} INFO - 30 Projetos com Arduino - Simon Monk
[2018-12-25 01:43:39,966] {/app/calibre-web/cps/web.py:2111} INFO - 30 Projetos com Arduino - Simon Monk
[2018-12-25 01:43:40,003] {/app/calibre-web/cps/web.py:2111} INFO - 30 Projetos com Arduino - Simon Monk
[2018-12-25 01:43:40,041] {/app/calibre-web/cps/web.py:2111} INFO - 30 Projetos com Arduino - Simon Monk
[2018-12-25 01:43:40,069] {/app/calibre-web/cps/web.py:2111} INFO - 30 Projetos com Arduino - Simon Monk
[2018-12-25 01:43:40,095] {/app/calibre-web/cps/web.py:2111} INFO - 30 Projetos com Arduino - Simon Monk
[2018-12-25 01:43:40,134] {/app/calibre-web/cps/web.py:2111} INFO - 30 Projetos com Arduino - Simon Monk
[2018-12-25 01:43:40,172] {/app/calibre-web/cps/web.py:2111} INFO - 30 Projetos com Arduino - Simon Monk
[2018-12-25 01:43:40,193] {/app/calibre-web/cps/web.py:2111} INFO - 30 Projetos com Arduino - Simon Monk
[2018-12-25 01:43:40,223] {/app/calibre-web/cps/web.py:2111} INFO - 30 Projetos com Arduino - Simon Monk
[2018-12-25 01:43:40,271] {/app/calibre-web/cps/web.py:2111} INFO - 30 Projetos com Arduino - Simon Monk
[2018-12-25 01:43:40,316] {/app/calibre-web/cps/web.py:2111} INFO - 30 Projetos com Arduino - Simon Monk
[2018-12-25 01:43:40,348] {/app/calibre-web/cps/web.py:2111} INFO - 30 Projetos com Arduino - Simon Monk
[2018-12-25 01:43:40,377] {/app/calibre-web/cps/web.py:2111} INFO - 30 Projetos com Arduino - Simon Monk
[2018-12-25 01:43:40,405] {/app/calibre-web/cps/web.py:2111} INFO - 30 Projetos com Arduino - Simon Monk
[2018-12-25 01:43:40,452] {/app/calibre-web/cps/web.py:2111} INFO - 30 Projetos com Arduino - Simon Monk
[2018-12-25 01:43:40,489] {/app/calibre-web/cps/web.py:2111} INFO - 30 Projetos com Arduino - Simon Monk
[2018-12-25 01:43:40,525] {/app/calibre-web/cps/web.py:2111} INFO - 30 Projetos com Arduino - Simon Monk
[2018-12-25 01:43:40,564] {/app/calibre-web/cps/web.py:2111} INFO - 30 Projetos com Arduino - Simon Monk
[2018-12-25 01:43:40,595] {/app/calibre-web/cps/web.py:2111} INFO - 30 Projetos com Arduino - Simon Monk
[2018-12-25 01:43:40,619] {/app/calibre-web/cps/web.py:2111} INFO - 30 Projetos com Arduino - Simon Monk
[2018-12-25 01:43:40,640] {/app/calibre-web/cps/web.py:2111} INFO - 30 Projetos com Arduino - Simon Monk
[2018-12-25 01:43:40,677] {/app/calibre-web/cps/web.py:2111} INFO - 30 Projetos com Arduino - Simon Monk
[2018-12-25 01:43:40,701] {/app/calibre-web/cps/web.py:2111} INFO - 30 Projetos com Arduino - Simon Monk
[2018-12-25 01:43:40,736] {/app/calibre-web/cps/web.py:2111} INFO - 30 Projetos com Arduino - Simon Monk
[2018-12-25 01:43:40,771] {/app/calibre-web/cps/web.py:2111} INFO - 30 Projetos com Arduino - Simon Monk
[2018-12-25 01:43:40,814] {/app/calibre-web/cps/web.py:2111} INFO - 30 Projetos com Arduino - Simon Monk
[2018-12-25 01:43:40,853] {/app/calibre-web/cps/web.py:2111} INFO - 30 Projetos com Arduino - Simon Monk
[2018-12-25 01:43:40,901] {/app/calibre-web/cps/web.py:2111} INFO - 30 Projetos com Arduino - Simon Monk
[2018-12-25 01:43:40,938] {/app/calibre-web/cps/web.py:2111} INFO - 30 Projetos com Arduino - Simon Monk
[2018-12-25 01:43:40,977] {/app/calibre-web/cps/web.py:2111} INFO - 30 Projetos com Arduino - Simon Monk
[2018-12-25 01:43:41,020] {/app/calibre-web/cps/web.py:2111} INFO - 30 Projetos com Arduino - Simon Monk
[2018-12-25 01:43:41,056] {/app/calibre-web/cps/web.py:2111} INFO - 30 Projetos com Arduino - Simon Monk
[2018-12-25 01:43:41,090] {/app/calibre-web/cps/web.py:2111} INFO - 30 Projetos com Arduino - Simon Monk
[2018-12-25 01:43:41,113] {/app/calibre-web/cps/web.py:2111} INFO - 30 Projetos com Arduino - Simon Monk
[2018-12-25 01:43:41,135] {/app/calibre-web/cps/web.py:2111} INFO - 30 Projetos com Arduino - Simon Monk
[2018-12-25 01:43:41,158] {/app/calibre-web/cps/web.py:2111} INFO - 30 Projetos com Arduino - Simon Monk
[2018-12-25 01:43:41,184] {/app/calibre-web/cps/web.py:2111} INFO - 30 Projetos com Arduino - Simon Monk
[2018-12-25 01:43:41,208] {/app/calibre-web/cps/web.py:2111} INFO - 30 Projetos com Arduino - Simon Monk
[2018-12-25 01:43:41,235] {/app/calibre-web/cps/web.py:2111} INFO - 30 Projetos com Arduino - Simon Monk
[2018-12-25 01:43:41,258] {/app/calibre-web/cps/web.py:2111} INFO - 30 Projetos com Arduino - Simon Monk
[2018-12-25 01:43:41,281] {/app/calibre-web/cps/web.py:2111} INFO - 30 Projetos com Arduino - Simon Monk
[2018-12-25 01:43:41,316] {/app/calibre-web/cps/web.py:2111} INFO - 30 Projetos com Arduino - Simon Monk
[2018-12-25 01:43:41,341] {/app/calibre-web/cps/web.py:2111} INFO - 30 Projetos com Arduino - Simon Monk
[2018-12-25 01:43:41,364] {/app/calibre-web/cps/web.py:2111} INFO - 30 Projetos com Arduino - Simon Monk
[2018-12-25 01:43:41,386] {/app/calibre-web/cps/web.py:2111} INFO - 30 Projetos com Arduino - Simon Monk
[2018-12-25 01:43:41,418] {/app/calibre-web/cps/web.py:2111} INFO - 30 Projetos com Arduino - Simon Monk
[2018-12-25 01:43:41,446] {/app/calibre-web/cps/web.py:2111} INFO - 30 Projetos com Arduino - Simon Monk
[2018-12-25 01:43:41,471] {/app/calibre-web/cps/web.py:2111} INFO - 30 Projetos com Arduino - Simon Monk
[2018-12-25 01:43:41,500] {/app/calibre-web/cps/web.py:2111} INFO - 30 Projetos com Arduino - Simon Monk
[2018-12-25 01:43:41,527] {/app/calibre-web/cps/web.py:2111} INFO - 30 Projetos com Arduino - Simon Monk
[2018-12-25 01:43:41,558] {/app/calibre-web/cps/web.py:2111} INFO - 30 Projetos com Arduino - Simon Monk
[2018-12-25 01:43:41,663] {/app/calibre-web/cps/web.py:2111} INFO - 30 Projetos com Arduino - Simon Monk
[2018-12-25 01:43:41,707] {/app/calibre-web/cps/web.py:2111} INFO - 30 Projetos com Arduino - Simon Monk
[2018-12-25 01:43:41,743] {/app/calibre-web/cps/web.py:2111} INFO - 30 Projetos com Arduino - Simon Monk
[2018-12-25 01:43:41,783] {/app/calibre-web/cps/web.py:2111} INFO - 30 Projetos com Arduino - Simon Monk
[2018-12-25 01:43:41,822] {/app/calibre-web/cps/web.py:2111} INFO - 30 Projetos com Arduino - Simon Monk
[2018-12-25 01:43:41,867] {/app/calibre-web/cps/web.py:2111} INFO - 30 Projetos com Arduino - Simon Monk
[2018-12-25 01:43:41,903] {/app/calibre-web/cps/web.py:2111} INFO - 30 Projetos com Arduino - Simon Monk
[2018-12-25 01:43:41,939] {/app/calibre-web/cps/web.py:2111} INFO - 30 Projetos com Arduino - Simon Monk
[2018-12-25 01:43:41,991] {/app/calibre-web/cps/web.py:2111} INFO - 30 Projetos com Arduino - Simon Monk
[2018-12-25 01:43:42,023] {/app/calibre-web/cps/web.py:2111} INFO - 30 Projetos com Arduino - Simon Monk
[2018-12-25 01:43:42,077] {/app/calibre-web/cps/web.py:2111} INFO - 30 Projetos com Arduino - Simon Monk
[2018-12-25 01:43:42,117] {/app/calibre-web/cps/web.py:2111} INFO - 30 Projetos com Arduino - Simon Monk
[2018-12-25 01:43:42,153] {/app/calibre-web/cps/web.py:2111} INFO - 30 Projetos com Arduino - Simon Monk
[2018-12-25 01:43:42,195] {/app/calibre-web/cps/web.py:2111} INFO - 30 Projetos com Arduino - Simon Monk
[2018-12-25 01:43:42,238] {/app/calibre-web/cps/web.py:2111} INFO - 30 Projetos com Arduino - Simon Monk
[2018-12-25 01:43:42,283] {/app/calibre-web/cps/web.py:2111} INFO - 30 Projetos com Arduino - Simon Monk
[2018-12-25 01:43:42,323] {/app/calibre-web/cps/web.py:2111} INFO - 30 Projetos com Arduino - Simon Monk
[2018-12-25 01:43:42,356] {/app/calibre-web/cps/web.py:2111} INFO - 30 Projetos com Arduino - Simon Monk
[2018-12-25 01:43:42,380] {/app/calibre-web/cps/web.py:2111} INFO - 30 Projetos com Arduino - Simon Monk
[2018-12-25 01:43:42,422] {/app/calibre-web/cps/web.py:2111} INFO - 30 Projetos com Arduino - Simon Monk
[2018-12-25 01:43:42,463] {/app/calibre-web/cps/web.py:2111} INFO - 30 Projetos com Arduino - Simon Monk
[2018-12-25 01:43:42,493] {/app/calibre-web/cps/web.py:2111} INFO - 30 Projetos com Arduino - Simon Monk
[2018-12-25 01:43:42,532] {/app/calibre-web/cps/web.py:2111} INFO - 30 Projetos com Arduino - Simon Monk
[2018-12-25 01:43:42,589] {/app/calibre-web/cps/web.py:2111} INFO - 30 Projetos com Arduino - Simon Monk
[2018-12-25 01:43:42,626] {/app/calibre-web/cps/web.py:2111} INFO - 30 Projetos com Arduino - Simon Monk
[2018-12-25 01:43:42,669] {/app/calibre-web/cps/web.py:2111} INFO - 30 Projetos com Arduino - Simon Monk
[2018-12-25 01:43:42,714] {/app/calibre-web/cps/web.py:2111} INFO - 30 Projetos com Arduino - Simon Monk
[2018-12-25 01:43:42,756] {/app/calibre-web/cps/web.py:2111} INFO - 30 Projetos com Arduino - Simon Monk
[2018-12-25 01:43:42,805] {/app/calibre-web/cps/web.py:2111} INFO - 30 Projetos com Arduino - Simon Monk
[2018-12-25 01:43:42,832] {/app/calibre-web/cps/web.py:2111} INFO - 30 Projetos com Arduino - Simon Monk
[2018-12-25 01:43:42,867] {/app/calibre-web/cps/web.py:2111} INFO - 30 Projetos com Arduino - Simon Monk
[2018-12-25 01:43:42,891] {/app/calibre-web/cps/web.py:2111} INFO - 30 Projetos com Arduino - Simon Monk
[2018-12-25 01:43:42,927] {/app/calibre-web/cps/web.py:2111} INFO - 30 Projetos com Arduino - Simon Monk
[2018-12-25 01:43:42,958] {/app/calibre-web/cps/web.py:2111} INFO - 30 Projetos com Arduino - Simon Monk
[2018-12-25 01:43:42,993] {/app/calibre-web/cps/web.py:2111} INFO - 30 Projetos com Arduino - Simon Monk
[2018-12-25 01:43:43,041] {/app/calibre-web/cps/web.py:2111} INFO - 30 Projetos com Arduino - Simon Monk
[2018-12-25 01:43:43,072] {/app/calibre-web/cps/web.py:2111} INFO - 30 Projetos com Arduino - Simon Monk
[2018-12-25 01:43:43,096] {/app/calibre-web/cps/web.py:2111} INFO - 30 Projetos com Arduino - Simon Monk
[2018-12-25 01:43:43,136] {/app/calibre-web/cps/web.py:2111} INFO - 30 Projetos com Arduino - Simon Monk
[2018-12-25 01:43:43,195] {/app/calibre-web/cps/web.py:2111} INFO - 30 Projetos com Arduino - Simon Monk
[2018-12-25 01:43:43,273] {/app/calibre-web/cps/web.py:2111} INFO - 30 Projetos com Arduino - Simon Monk
[2018-12-25 01:43:43,323] {/app/calibre-web/cps/web.py:2111} INFO - 30 Projetos com Arduino - Simon Monk
[2018-12-25 01:43:43,367] {/app/calibre-web/cps/web.py:2111} INFO - 30 Projetos com Arduino - Simon Monk
[2018-12-25 01:43:43,404] {/app/calibre-web/cps/web.py:2111} INFO - 30 Projetos com Arduino - Simon Monk
[2018-12-25 01:43:43,463] {/app/calibre-web/cps/web.py:2111} INFO - 30 Projetos com Arduino - Simon Monk
[2018-12-25 01:43:43,530] {/app/calibre-web/cps/web.py:2111} INFO - 30 Projetos com Arduino - Simon Monk
[2018-12-25 01:43:43,562] {/app/calibre-web/cps/web.py:2111} INFO - 30 Projetos com Arduino - Simon Monk
[2018-12-25 01:43:43,605] {/app/calibre-web/cps/web.py:2111} INFO - 30 Projetos com Arduino - Simon Monk
[2018-12-25 01:43:43,629] {/app/calibre-web/cps/web.py:2111} INFO - 30 Projetos com Arduino - Simon Monk
[2018-12-25 01:43:43,660] {/app/calibre-web/cps/web.py:2111} INFO - 30 Projetos com Arduino - Simon Monk
[2018-12-25 01:43:43,705] {/app/calibre-web/cps/web.py:2111} INFO - 30 Projetos com Arduino - Simon Monk
[2018-12-25 01:43:43,798] {/app/calibre-web/cps/web.py:2111} INFO - 30 Projetos com Arduino - Simon Monk
[2018-12-25 01:43:43,886] {/app/calibre-web/cps/web.py:2111} INFO - 30 Projetos com Arduino - Simon Monk
[2018-12-25 01:43:43,964] {/app/calibre-web/cps/web.py:2111} INFO - 30 Projetos com Arduino - Simon Monk
[2018-12-25 01:43:43,999] {/app/calibre-web/cps/web.py:2111} INFO - 30 Projetos com Arduino - Simon Monk
[2018-12-25 01:43:44,061] {/app/calibre-web/cps/web.py:2111} INFO - 30 Projetos com Arduino - Simon Monk
[2018-12-25 01:43:44,086] {/app/calibre-web/cps/web.py:2111} INFO - 30 Projetos com Arduino - Simon Monk
[2018-12-25 01:43:44,127] {/app/calibre-web/cps/web.py:2111} INFO - 30 Projetos com Arduino - Simon Monk
[2018-12-25 01:43:44,185] {/app/calibre-web/cps/web.py:2111} INFO - 30 Projetos com Arduino - Simon Monk
[2018-12-25 01:43:44,214] {/app/calibre-web/cps/web.py:2111} INFO - 30 Projetos com Arduino - Simon Monk
[2018-12-25 01:43:44,236] {/app/calibre-web/cps/web.py:2111} INFO - 30 Projetos com Arduino - Simon Monk
[2018-12-25 01:43:44,263] {/app/calibre-web/cps/web.py:2111} INFO - 30 Projetos com Arduino - Simon Monk
[2018-12-25 01:43:44,283] {/app/calibre-web/cps/web.py:2111} INFO - 30 Projetos com Arduino - Simon Monk
[2018-12-25 01:43:44,301] {/app/calibre-web/cps/web.py:2111} INFO - 30 Projetos com Arduino - Simon Monk
[2018-12-25 01:43:44,327] {/app/calibre-web/cps/web.py:2111} INFO - 30 Projetos com Arduino - Simon Monk
[2018-12-25 01:43:44,365] {/app/calibre-web/cps/web.py:2111} INFO - 30 Projetos com Arduino - Simon Monk
[2018-12-25 01:43:44,404] {/app/calibre-web/cps/web.py:2111} INFO - 30 Projetos com Arduino - Simon Monk
[2018-12-25 01:43:44,444] {/app/calibre-web/cps/web.py:2111} INFO - 30 Projetos com Arduino - Simon Monk
[2018-12-25 01:43:44,487] {/app/calibre-web/cps/web.py:2111} INFO - 30 Projetos com Arduino - Simon Monk
[2018-12-25 01:43:44,517] {/app/calibre-web/cps/web.py:2111} INFO - 30 Projetos com Arduino - Simon Monk
[2018-12-25 01:43:44,542] {/app/calibre-web/cps/web.py:2111} INFO - 30 Projetos com Arduino - Simon Monk
[2018-12-25 01:43:44,573] {/app/calibre-web/cps/web.py:2111} INFO - 30 Projetos com Arduino - Simon Monk
[2018-12-25 01:43:44,612] {/app/calibre-web/cps/web.py:2111} INFO - 30 Projetos com Arduino - Simon Monk
[2018-12-25 01:43:44,642] {/app/calibre-web/cps/web.py:2111} INFO - 30 Projetos com Arduino - Simon Monk
[2018-12-25 01:43:44,674] {/app/calibre-web/cps/web.py:2111} INFO - 30 Projetos com Arduino - Simon Monk
[2018-12-25 01:43:44,701] {/app/calibre-web/cps/web.py:2111} INFO - 30 Projetos com Arduino - Simon Monk
[2018-12-25 01:43:44,733] {/app/calibre-web/cps/web.py:2111} INFO - 30 Projetos com Arduino - Simon Monk
[2018-12-25 01:43:44,758] {/app/calibre-web/cps/web.py:2111} INFO - 30 Projetos com Arduino - Simon Monk
[2018-12-25 01:43:44,796] {/app/calibre-web/cps/web.py:2111} INFO - 30 Projetos com Arduino - Simon Monk
[2018-12-25 01:43:44,826] {/app/calibre-web/cps/web.py:2111} INFO - 30 Projetos com Arduino - Simon Monk
[2018-12-25 01:43:44,868] {/app/calibre-web/cps/web.py:2111} INFO - 30 Projetos com Arduino - Simon Monk
[2018-12-25 01:43:44,902] {/app/calibre-web/cps/web.py:2111} INFO - 30 Projetos com Arduino - Simon Monk
[2018-12-25 01:43:44,944] {/app/calibre-web/cps/web.py:2111} INFO - 30 Projetos com Arduino - Simon Monk
[2018-12-25 01:43:44,968] {/app/calibre-web/cps/web.py:2111} INFO - 30 Projetos com Arduino - Simon Monk
[2018-12-25 01:43:44,988] {/app/calibre-web/cps/web.py:2111} INFO - 30 Projetos com Arduino - Simon Monk
[2018-12-25 01:43:45,013] {/app/calibre-web/cps/web.py:2111} INFO - 30 Projetos com Arduino - Simon Monk
[2018-12-25 01:43:45,053] {/app/calibre-web/cps/web.py:2111} INFO - 30 Projetos com Arduino - Simon Monk
[2018-12-25 01:43:45,079] {/app/calibre-web/cps/web.py:2111} INFO - 30 Projetos com Arduino - Simon Monk
[2018-12-25 01:43:45,103] {/app/calibre-web/cps/web.py:2111} INFO - 30 Projetos com Arduino - Simon Monk
[2018-12-25 01:43:45,134] {/app/calibre-web/cps/web.py:2111} INFO - 30 Projetos com Arduino - Simon Monk
[2018-12-25 01:43:45,161] {/app/calibre-web/cps/web.py:2111} INFO - 30 Projetos com Arduino - Simon Monk
[2018-12-25 01:43:45,181] {/app/calibre-web/cps/web.py:2111} INFO - 30 Projetos com Arduino - Simon Monk
[2018-12-25 01:43:45,206] {/app/calibre-web/cps/web.py:2111} INFO - 30 Projetos com Arduino - Simon Monk
[2018-12-25 01:43:45,234] {/app/calibre-web/cps/web.py:2111} INFO - 30 Projetos com Arduino - Simon Monk
[2018-12-25 01:43:45,262] {/app/calibre-web/cps/web.py:2111} INFO - 30 Projetos com Arduino - Simon Monk
[2018-12-25 01:43:45,296] {/app/calibre-web/cps/web.py:2111} INFO - 30 Projetos com Arduino - Simon Monk
[2018-12-25 01:43:45,329] {/app/calibre-web/cps/web.py:2111} INFO - 30 Projetos com Arduino - Simon Monk
[2018-12-25 01:43:45,351] {/app/calibre-web/cps/web.py:2111} INFO - 30 Projetos com Arduino - Simon Monk
[2018-12-25 01:43:45,379] {/app/calibre-web/cps/web.py:2111} INFO - 30 Projetos com Arduino - Simon Monk
[2018-12-25 01:43:45,415] {/app/calibre-web/cps/web.py:2111} INFO - 30 Projetos com Arduino - Simon Monk
[2018-12-25 01:43:45,444] {/app/calibre-web/cps/web.py:2111} INFO - 30 Projetos com Arduino - Simon Monk
[2018-12-25 01:43:45,468] {/app/calibre-web/cps/web.py:2111} INFO - 30 Projetos com Arduino - Simon Monk
[2018-12-25 01:43:45,499] {/app/calibre-web/cps/web.py:2111} INFO - 30 Projetos com Arduino - Simon Monk
[2018-12-25 01:43:45,528] {/app/calibre-web/cps/web.py:2111} INFO - 30 Projetos com Arduino - Simon Monk
[2018-12-25 01:43:45,570] {/app/calibre-web/cps/web.py:2111} INFO - 30 Projetos com Arduino - Simon Monk
[2018-12-25 01:43:45,617] {/app/calibre-web/cps/web.py:2111} INFO - 30 Projetos com Arduino - Simon Monk
[2018-12-25 01:43:45,648] {/app/calibre-web/cps/web.py:2111} INFO - 30 Projetos com Arduino - Simon Monk
